<?xml version="1.0" encoding="UTF-8"?>
<testng-results ignored="0" total="2" passed="2" failed="0" skipped="0">
  <reporter-output>
  </reporter-output>
  <suite started-at="2022-09-21T13:10:36 IST" name="Test Cases" finished-at="2022-09-21T13:10:36 IST" duration-ms="31">
    <groups>
    </groups>
    <test started-at="2022-09-21T13:10:36 IST" name="Automation run" finished-at="2022-09-21T13:10:36 IST" duration-ms="31">
      <class name="com.sgtesting.mavendemo.TestCases">
        <test-method signature="method1()[pri:0, instance:com.sgtesting.mavendemo.TestCases@4e7912d8]" started-at="2022-09-21T13:10:36 IST" name="method1" finished-at="2022-09-21T13:10:36 IST" duration-ms="3" status="PASS">
          <reporter-output>
          </reporter-output>
        </test-method> <!-- method1 -->
        <test-method signature="method2()[pri:0, instance:com.sgtesting.mavendemo.TestCases@4e7912d8]" started-at="2022-09-21T13:10:36 IST" name="method2" finished-at="2022-09-21T13:10:36 IST" duration-ms="0" status="PASS">
          <reporter-output>
          </reporter-output>
        </test-method> <!-- method2 -->
      </class> <!-- com.sgtesting.mavendemo.TestCases -->
    </test> <!-- Automation run -->
  </suite> <!-- Test Cases -->
</testng-results>
